<!DOCTYPE html PUBLIC "-//W3C//DTD XHTML 1.1//EN" "https://www.w3.org/TR/xhtml11/DTD/xhtml11.dtd">
<html xmlns="https://www.w3.org/1999/xhtml">
<head>
<meta http-equiv="content-type" content="text/html; charset=UTF-8"/>
<title>TestNG Report</title>
<style type="text/css">table {margin-bottom:10px;border-collapse:collapse;empty-cells:show}th,td {border:1px solid #009;padding:.25em .5em}th {vertical-align:bottom}td {vertical-align:top}table a {font-weight:bold}.stripe td {background-color: #E6EBF9}.num {text-align:right}.passedodd td {background-color: #3F3}.passedeven td {background-color: #0A0}.skippedodd td {background-color: #DDD}.skippedeven td {background-color: #CCC}.failedodd td,.attn {background-color: #F33}.failedeven td,.stripe .attn {background-color: #D00}.stacktrace {white-space:pre;font-family:monospace}.totop {font-size:85%;text-align:center;border-bottom:2px solid #000}.invisible {display:none}</style>
</head>
<body>
<table>
<tr><th>Test</th><th># Passed</th><th># Skipped</th><th># Retried</th><th># Failed</th><th>Time (ms)</th><th>Included Groups</th><th>Excluded Groups</th></tr>
<tr><th colspan="8">Suite</th></tr>
<tr><td><a href="#t0">Test</a></td><td class="num">2</td><td class="num">0</td><td class="num">0</td><td class="num attn">3</td><td class="num">52,854</td><td></td><td></td></tr>
<tr class="stripe"><td><a href="#t1">Test2</a></td><td class="num">2</td><td class="num">0</td><td class="num">0</td><td class="num attn">3</td><td class="num">58,135</td><td></td><td></td></tr>
<tr><th>Total</th><th class="num">4</th><th class="num">0</th><th class="num">0</th><th class="num attn">6</th><th class="num">110,989</th><th colspan="2"></th></tr>
</table>
<table id='summary'><thead><tr><th>Class</th><th>Method</th><th>Start</th><th>Time (ms)</th></tr></thead><tbody><tr><th colspan="4">Suite</th></tr></tbody><tbody id="t0"><tr><th colspan="4">Test &#8212; failed</th></tr><tr class="failedeven"><td rowspan="3">com.sg.test.LoginTest</td><td><a href="#m0">validCredentailsTest</a></td><td rowspan="3">1629093548393</td><td rowspan="3">3542</td></tr><tr class="failedeven"><td><a href="#m1">validCredentailsTest</a></td></tr><tr class="failedeven"><td><a href="#m2">validCredentailsTest</a></td></tr><tr><th colspan="4">Test &#8212; passed</th></tr><tr class="passedeven"><td rowspan="2">com.sg.test.LoginTest</td><td><a href="#m3">InvalidCredentailsTest</a></td><td rowspan="2">1629093511525</td><td rowspan="2">1448</td></tr><tr class="passedeven"><td><a href="#m4">InvalidCredentailsTest</a></td></tr></tbody>
<tbody id="t1"><tr><th colspan="4">Test2 &#8212; failed</th></tr><tr class="failedeven"><td rowspan="3">com.sg.test.LoginTest</td><td><a href="#m5">validCredentailsTest</a></td><td rowspan="3">1629093606565</td><td rowspan="3">3433</td></tr><tr class="failedeven"><td><a href="#m6">validCredentailsTest</a></td></tr><tr class="failedeven"><td><a href="#m7">validCredentailsTest</a></td></tr><tr><th colspan="4">Test2 &#8212; passed</th></tr><tr class="passedeven"><td rowspan="2">com.sg.test.LoginTest</td><td><a href="#m8">InvalidCredentailsTest</a></td><td rowspan="2">1629093559213</td><td rowspan="2">1353</td></tr><tr class="passedeven"><td><a href="#m9">InvalidCredentailsTest</a></td></tr></tbody>
</table>
<h2>Test</h2><h3 id="m0">com.sg.test.LoginTest#validCredentailsTest</h3><table class="result"><tr class="param"><th>Parameter #1</th><th>Parameter #2</th><th>Parameter #3</th><th>Parameter #4</th></tr><tr class="param stripe"><td>accountant</td><td>accountant</td><td>English (Indian)</td><td>OpenEMR</td></tr><tr><th colspan="4">Exception</th></tr><tr><td colspan="4"><div class="stacktrace">java.lang.AssertionError: expected [OpenEMR] but found [CloudEMR]
	at com.sg.test.LoginTest.validCredentailsTest(LoginTest.java:33)
	at java.base/java.util.ArrayList.forEach(ArrayList.java:1511)
... Removed 33 stack frames</div></td></tr></table><p class="totop"><a href="#summary">back to summary</a></p>
<h3 id="m1">com.sg.test.LoginTest#validCredentailsTest</h3><table class="result"><tr class="param"><th>Parameter #1</th><th>Parameter #2</th><th>Parameter #3</th><th>Parameter #4</th></tr><tr class="param stripe"><td>physician</td><td>physician</td><td>English (Indian)</td><td>OpenEMR</td></tr><tr><th colspan="4">Exception</th></tr><tr><td colspan="4"><div class="stacktrace">java.lang.AssertionError: expected [OpenEMR] but found [CloudEMR]
	at com.sg.test.LoginTest.validCredentailsTest(LoginTest.java:33)
	at java.base/java.util.ArrayList.forEach(ArrayList.java:1511)
... Removed 33 stack frames</div></td></tr></table><p class="totop"><a href="#summary">back to summary</a></p>
<h3 id="m2">com.sg.test.LoginTest#validCredentailsTest</h3><table class="result"><tr class="param"><th>Parameter #1</th><th>Parameter #2</th><th>Parameter #3</th><th>Parameter #4</th></tr><tr class="param stripe"><td>admin</td><td>pass</td><td>English (Indian)</td><td>OpenEMR</td></tr><tr><th colspan="4">Exception</th></tr><tr><td colspan="4"><div class="stacktrace">java.lang.AssertionError: expected [OpenEMR] but found [CloudEMR]
	at com.sg.test.LoginTest.validCredentailsTest(LoginTest.java:33)
	at java.base/java.util.ArrayList.forEach(ArrayList.java:1511)
... Removed 33 stack frames</div></td></tr></table><p class="totop"><a href="#summary">back to summary</a></p>
<h3 id="m3">com.sg.test.LoginTest#InvalidCredentailsTest</h3><table class="result"><tr class="param"><th>Parameter #1</th><th>Parameter #2</th><th>Parameter #3</th><th>Parameter #4</th></tr><tr class="param stripe"><td>admin11</td><td>pass</td><td>English (Indian)</td><td>Invalid username or password</td></tr></table><p class="totop"><a href="#summary">back to summary</a></p>
<h3 id="m4">com.sg.test.LoginTest#InvalidCredentailsTest</h3><table class="result"><tr class="param"><th>Parameter #1</th><th>Parameter #2</th><th>Parameter #3</th><th>Parameter #4</th></tr><tr class="param stripe"><td>admin12</td><td>pass</td><td>English (Indian)</td><td>Invalid username or password</td></tr></table><p class="totop"><a href="#summary">back to summary</a></p>
<h2>Test2</h2><h3 id="m5">com.sg.test.LoginTest#validCredentailsTest</h3><table class="result"><tr class="param"><th>Parameter #1</th><th>Parameter #2</th><th>Parameter #3</th><th>Parameter #4</th></tr><tr class="param stripe"><td>accountant</td><td>accountant</td><td>English (Indian)</td><td>OpenEMR</td></tr><tr><th colspan="4">Exception</th></tr><tr><td colspan="4"><div class="stacktrace">java.lang.AssertionError: expected [OpenEMR] but found [CloudEMR]
	at com.sg.test.LoginTest.validCredentailsTest(LoginTest.java:33)
	at java.base/java.util.ArrayList.forEach(ArrayList.java:1511)
... Removed 33 stack frames</div></td></tr></table><p class="totop"><a href="#summary">back to summary</a></p>
<h3 id="m6">com.sg.test.LoginTest#validCredentailsTest</h3><table class="result"><tr class="param"><th>Parameter #1</th><th>Parameter #2</th><th>Parameter #3</th><th>Parameter #4</th></tr><tr class="param stripe"><td>admin</td><td>pass</td><td>English (Indian)</td><td>OpenEMR</td></tr><tr><th colspan="4">Exception</th></tr><tr><td colspan="4"><div class="stacktrace">java.lang.AssertionError: expected [OpenEMR] but found [CloudEMR]
	at com.sg.test.LoginTest.validCredentailsTest(LoginTest.java:33)
	at java.base/java.util.ArrayList.forEach(ArrayList.java:1511)
... Removed 33 stack frames</div></td></tr></table><p class="totop"><a href="#summary">back to summary</a></p>
<h3 id="m7">com.sg.test.LoginTest#validCredentailsTest</h3><table class="result"><tr class="param"><th>Parameter #1</th><th>Parameter #2</th><th>Parameter #3</th><th>Parameter #4</th></tr><tr class="param stripe"><td>physician</td><td>physician</td><td>English (Indian)</td><td>OpenEMR</td></tr><tr><th colspan="4">Exception</th></tr><tr><td colspan="4"><div class="stacktrace">java.lang.AssertionError: expected [OpenEMR] but found [CloudEMR]
	at com.sg.test.LoginTest.validCredentailsTest(LoginTest.java:33)
	at java.base/java.util.ArrayList.forEach(ArrayList.java:1511)
... Removed 33 stack frames</div></td></tr></table><p class="totop"><a href="#summary">back to summary</a></p>
<h3 id="m8">com.sg.test.LoginTest#InvalidCredentailsTest</h3><table class="result"><tr class="param"><th>Parameter #1</th><th>Parameter #2</th><th>Parameter #3</th><th>Parameter #4</th></tr><tr class="param stripe"><td>admin11</td><td>pass</td><td>English (Indian)</td><td>Invalid username or password</td></tr></table><p class="totop"><a href="#summary">back to summary</a></p>
<h3 id="m9">com.sg.test.LoginTest#InvalidCredentailsTest</h3><table class="result"><tr class="param"><th>Parameter #1</th><th>Parameter #2</th><th>Parameter #3</th><th>Parameter #4</th></tr><tr class="param stripe"><td>admin12</td><td>pass</td><td>English (Indian)</td><td>Invalid username or password</td></tr></table><p class="totop"><a href="#summary">back to summary</a></p>
</body>
</html>
